#
# There is insufficient memory for the Java Runtime Environment to continue.
# Native memory allocation (mmap) failed to map 189792256 bytes for G1 virtual space
# Possible reasons:
#   The system is out of physical RAM or swap space
#   The process is running with CompressedOops enabled, and the Java Heap may be blocking the growth of the native heap
# Possible solutions:
#   Reduce memory load on the system
#   Increase physical memory or swap space
#   Check if swap backing store is full
#   Decrease Java heap size (-Xmx/-Xms)
#   Decrease number of Java threads
#   Decrease Java thread stack sizes (-Xss)
#   Set larger code cache with -XX:ReservedCodeCacheSize=
#   JVM is running with Unscaled Compressed Oops mode in which the Java heap is
#     placed in the first 4GB address space. The Java Heap base address is the
#     maximum limit for the native heap growth. Please use -XX:HeapBaseMinAddress
#     to set the Java Heap base and to place the Java Heap above 4GB virtual address.
# This output file may be truncated or incomplete.
#
#  Out of Memory Error (os_windows.cpp:3825), pid=17260, tid=13232
#
# JRE version: OpenJDK Runtime Environment (17.0.9) (build 17.0.9+0--11185874)
# Java VM: OpenJDK 64-Bit Server VM (17.0.9+0--11185874, mixed mode, tiered, compressed oops, compressed class ptrs, g1 gc, windows-amd64)
# No core dump will be written. Minidumps are not enabled by default on client versions of Windows
#

---------------  S U M M A R Y ------------

Command Line: org.jetbrains.kotlin.cli.jvm.K2JVMCompiler @C:\Users\Lenovo\Documents\GitHub\Final_Exam_Android\Juegofinal2\app\build\20240705_4410697664139696269.compiler.options

Host: Intel(R) Core(TM) i3-6006U CPU @ 2.00GHz, 4 cores, 3G,  Windows 10 , 64 bit Build 19041 (10.0.19041.3636)
Time: Fri Jul  5 17:03:55 2024 Hora est. Pacífico, Sudamérica elapsed time: 30.518850 seconds (0d 0h 0m 30s)

---------------  T H R E A D  ---------------

Current thread (0x00000251e30901a0):  VMThread "VM Thread" [stack: 0x00000087fdf00000,0x00000087fe000000] [id=13232]

Stack: [0x00000087fdf00000,0x00000087fe000000]
Native frames: (J=compiled Java code, j=interpreted, Vv=VM code, C=native code)
V  [jvm.dll+0x6886e9]
V  [jvm.dll+0x841e4a]
V  [jvm.dll+0x843a8e]
V  [jvm.dll+0x8440f3]
V  [jvm.dll+0x24c14f]
V  [jvm.dll+0x685499]
V  [jvm.dll+0x679c2a]
V  [jvm.dll+0x30cf9b]
V  [jvm.dll+0x314446]
V  [jvm.dll+0x36425e]
V  [jvm.dll+0x36448f]
V  [jvm.dll+0x2e2d68]
V  [jvm.dll+0x2e0f44]
V  [jvm.dll+0x2e054c]
V  [jvm.dll+0x3253fb]
V  [jvm.dll+0x8487eb]
V  [jvm.dll+0x849531]
V  [jvm.dll+0x849a4d]
V  [jvm.dll+0x849e24]
V  [jvm.dll+0x849ef0]
V  [jvm.dll+0x7f06aa]
V  [jvm.dll+0x687565]
C  [ucrtbase.dll+0x21bb2]
C  [KERNEL32.DLL+0x17344]
C  [ntdll.dll+0x4cc91]

VM_Operation (0x00000087fd9fc740): G1CollectForAllocation, mode: safepoint, requested by thread 0x00000251ca30e7b0


---------------  P R O C E S S  ---------------

Threads class SMR info:
_java_thread_list=0x00000251e3463640, length=12, elements={
0x00000251ca30e7b0, 0x00000251e3076400, 0x00000251e307a660, 0x00000251e30dc910,
0x00000251e30dd4d0, 0x00000251e30dffa0, 0x00000251e30e0960, 0x00000251e30e1700,
0x00000251e3360110, 0x00000251e310a280, 0x00000251e348b690, 0x00000251e3492240
}

Java Threads: ( => current thread )
  0x00000251ca30e7b0 JavaThread "main" [_thread_blocked, id=16540, stack(0x00000087fd900000,0x00000087fda00000)]
  0x00000251e3076400 JavaThread "Reference Handler" daemon [_thread_blocked, id=16732, stack(0x00000087fe000000,0x00000087fe100000)]
  0x00000251e307a660 JavaThread "Finalizer" daemon [_thread_blocked, id=4904, stack(0x00000087fe100000,0x00000087fe200000)]
  0x00000251e30dc910 JavaThread "Signal Dispatcher" daemon [_thread_blocked, id=3284, stack(0x00000087fe200000,0x00000087fe300000)]
  0x00000251e30dd4d0 JavaThread "Attach Listener" daemon [_thread_blocked, id=11228, stack(0x00000087fe300000,0x00000087fe400000)]
  0x00000251e30dffa0 JavaThread "Service Thread" daemon [_thread_blocked, id=17292, stack(0x00000087fe400000,0x00000087fe500000)]
  0x00000251e30e0960 JavaThread "Monitor Deflation Thread" daemon [_thread_blocked, id=14188, stack(0x00000087fe500000,0x00000087fe600000)]
  0x00000251e30e1700 JavaThread "C2 CompilerThread0" daemon [_thread_blocked, id=17180, stack(0x00000087fe600000,0x00000087fe700000)]
  0x00000251e3360110 JavaThread "C1 CompilerThread0" daemon [_thread_blocked, id=18372, stack(0x00000087fe700000,0x00000087fe800000)]
  0x00000251e310a280 JavaThread "Sweeper thread" daemon [_thread_blocked, id=8004, stack(0x00000087fe800000,0x00000087fe900000)]
  0x00000251e348b690 JavaThread "Notification Thread" daemon [_thread_blocked, id=18080, stack(0x00000087fe900000,0x00000087fea00000)]
  0x00000251e3492240 JavaThread "Common-Cleaner" daemon [_thread_blocked, id=6680, stack(0x00000087feb00000,0x00000087fec00000)]

Other Threads:
=>0x00000251e30901a0 VMThread "VM Thread" [stack: 0x00000087fdf00000,0x00000087fe000000] [id=13232]
  0x00000251e348bf80 WatcherThread [stack: 0x00000087fea00000,0x00000087feb00000] [id=8272]
  0x00000251ca349600 GCTaskThread "GC Thread#0" [stack: 0x00000087fda00000,0x00000087fdb00000] [id=12556]
  0x00000251e383dac0 GCTaskThread "GC Thread#1" [stack: 0x00000087fec00000,0x00000087fed00000] [id=4932]
  0x00000251e383e880 GCTaskThread "GC Thread#2" [stack: 0x00000087fed00000,0x00000087fee00000] [id=14156]
  0x00000251e383dd80 GCTaskThread "GC Thread#3" [stack: 0x00000087fee00000,0x00000087fef00000] [id=5748]
  0x00000251ca3527b0 ConcurrentGCThread "G1 Main Marker" [stack: 0x00000087fdb00000,0x00000087fdc00000] [id=9460]
  0x00000251ca3541e0 ConcurrentGCThread "G1 Conc#0" [stack: 0x00000087fdc00000,0x00000087fdd00000] [id=12420]
  0x00000251ca3923e0 ConcurrentGCThread "G1 Refine#0" [stack: 0x00000087fdd00000,0x00000087fde00000] [id=15908]
  0x00000251e9b8f410 ConcurrentGCThread "G1 Refine#1" [stack: 0x00000087fef00000,0x00000087ff000000] [id=16452]
  0x00000251ca392e10 ConcurrentGCThread "G1 Service" [stack: 0x00000087fde00000,0x00000087fdf00000] [id=18068]

Threads with active compile tasks:
C2 CompilerThread0    30723 8519       4       java.util.regex.Pattern::split (288 bytes)

VM state: at safepoint (normal execution)

VM Mutex/Monitor currently owned by a thread:  ([mutex/lock_event])
[0x00000251ca3088c0] Threads_lock - owner thread: 0x00000251e30901a0
[0x00000251ca308b00] Heap_lock - owner thread: 0x00000251ca30e7b0

Heap address: 0x00000000c2a00000, size: 982 MB, Compressed Oops mode: 32-bit

CDS archive(s) not mapped
Compressed class space mapped at: 0x0000000100000000-0x0000000140000000, reserved size: 1073741824
Narrow klass base: 0x0000000000000000, Narrow klass shift: 3, Narrow klass range: 0x140000000

GC Precious Log:
 CPUs: 4 total, 4 available
 Memory: 3927M
 Large Page Support: Disabled
 NUMA Support: Disabled
 Compressed Oops: Enabled (32-bit)
 Heap Region Size: 1M
 Heap Min Capacity: 8M
 Heap Initial Capacity: 62M
 Heap Max Capacity: 982M
 Pre-touch: Disabled
 Parallel Workers: 4
 Concurrent Workers: 1
 Concurrent Refinement Workers: 4
 Periodic GC: Disabled

Heap:
 garbage-first heap   total 97280K, used 52852K [0x00000000c2a00000, 0x0000000100000000)
  region size 1024K, 1 young (1024K), 1 survivors (1024K)
 Metaspace       used 65220K, committed 65472K, reserved 1114112K
  class space    used 7482K, committed 7616K, reserved 1048576K

Heap Regions: E=young(eden), S=young(survivor), O=old, HS=humongous(starts), HC=humongous(continues), CS=collection set, F=free, OA=open archive, CA=closed archive, TAMS=top-at-mark-start (previous, next)
|   0|0x00000000c2a00000, 0x00000000c2b00000, 0x00000000c2b00000|100%|HS|  |TAMS 0x00000000c2b00000, 0x00000000c2a00000| Complete 
|   1|0x00000000c2b00000, 0x00000000c2c00000, 0x00000000c2c00000|100%|HC|  |TAMS 0x00000000c2c00000, 0x00000000c2b00000| Complete 
|   2|0x00000000c2c00000, 0x00000000c2d00000, 0x00000000c2d00000|100%|HC|  |TAMS 0x00000000c2d00000, 0x00000000c2c00000| Complete 
|   3|0x00000000c2d00000, 0x00000000c2e00000, 0x00000000c2e00000|100%|HC|  |TAMS 0x00000000c2e00000, 0x00000000c2d00000| Complete 
|   4|0x00000000c2e00000, 0x00000000c2f00000, 0x00000000c2f00000|100%| O|  |TAMS 0x00000000c2f00000, 0x00000000c2e00000| Untracked 
|   5|0x00000000c2f00000, 0x00000000c2fedc00, 0x00000000c3000000| 92%| O|  |TAMS 0x00000000c2fedc00, 0x00000000c2f00000| Untracked 
|   6|0x00000000c3000000, 0x00000000c3100000, 0x00000000c3100000|100%| O|  |TAMS 0x00000000c3100000, 0x00000000c3000000| Untracked 
|   7|0x00000000c3100000, 0x00000000c3200000, 0x00000000c3200000|100%| O|  |TAMS 0x00000000c3200000, 0x00000000c3100000| Untracked 
|   8|0x00000000c3200000, 0x00000000c3300000, 0x00000000c3300000|100%| O|  |TAMS 0x00000000c3300000, 0x00000000c3200000| Untracked 
|   9|0x00000000c3300000, 0x00000000c3400000, 0x00000000c3400000|100%| O|  |TAMS 0x00000000c3400000, 0x00000000c3300000| Untracked 
|  10|0x00000000c3400000, 0x00000000c3500000, 0x00000000c3500000|100%| O|  |TAMS 0x00000000c3500000, 0x00000000c3400000| Untracked 
|  11|0x00000000c3500000, 0x00000000c3600000, 0x00000000c3600000|100%| O|  |TAMS 0x00000000c3600000, 0x00000000c3500000| Untracked 
|  12|0x00000000c3600000, 0x00000000c3700000, 0x00000000c3700000|100%| O|  |TAMS 0x00000000c3700000, 0x00000000c3600000| Untracked 
|  13|0x00000000c3700000, 0x00000000c3800000, 0x00000000c3800000|100%| O|  |TAMS 0x00000000c3800000, 0x00000000c3700000| Untracked 
|  14|0x00000000c3800000, 0x00000000c3900000, 0x00000000c3900000|100%| O|  |TAMS 0x00000000c3900000, 0x00000000c3800000| Untracked 
|  15|0x00000000c3900000, 0x00000000c3900000, 0x00000000c3a00000|  0%| F|  |TAMS 0x00000000c3900000, 0x00000000c3900000| Untracked 
|  16|0x00000000c3a00000, 0x00000000c3b00000, 0x00000000c3b00000|100%| O|  |TAMS 0x00000000c3b00000, 0x00000000c3a00000| Untracked 
|  17|0x00000000c3b00000, 0x00000000c3c00000, 0x00000000c3c00000|100%| O|  |TAMS 0x00000000c3c00000, 0x00000000c3b00000| Untracked 
|  18|0x00000000c3c00000, 0x00000000c3d00000, 0x00000000c3d00000|100%| O|  |TAMS 0x00000000c3d00000, 0x00000000c3c00000| Untracked 
|  19|0x00000000c3d00000, 0x00000000c3e00000, 0x00000000c3e00000|100%|HS|  |TAMS 0x00000000c3e00000, 0x00000000c3d00000| Complete 
|  20|0x00000000c3e00000, 0x00000000c3f00000, 0x00000000c3f00000|100%|HC|  |TAMS 0x00000000c3f00000, 0x00000000c3e00000| Complete 
|  21|0x00000000c3f00000, 0x00000000c4000000, 0x00000000c4000000|100%| O|  |TAMS 0x00000000c4000000, 0x00000000c3f00000| Untracked 
|  22|0x00000000c4000000, 0x00000000c4100000, 0x00000000c4100000|100%| O|  |TAMS 0x00000000c4100000, 0x00000000c4000000| Untracked 
|  23|0x00000000c4100000, 0x00000000c4200000, 0x00000000c4200000|100%| O|  |TAMS 0x00000000c4200000, 0x00000000c4100000| Untracked 
|  24|0x00000000c4200000, 0x00000000c4300000, 0x00000000c4300000|100%| O|  |TAMS 0x00000000c4300000, 0x00000000c4200000| Untracked 
|  25|0x00000000c4300000, 0x00000000c4400000, 0x00000000c4400000|100%| O|  |TAMS 0x00000000c4400000, 0x00000000c4300000| Untracked 
|  26|0x00000000c4400000, 0x00000000c4500000, 0x00000000c4500000|100%| O|  |TAMS 0x00000000c4400000, 0x00000000c4400000| Untracked 
|  27|0x00000000c4500000, 0x00000000c4600000, 0x00000000c4600000|100%| O|  |TAMS 0x00000000c4600000, 0x00000000c4500000| Untracked 
|  28|0x00000000c4600000, 0x00000000c4700000, 0x00000000c4700000|100%| O|  |TAMS 0x00000000c4700000, 0x00000000c4600000| Untracked 
|  29|0x00000000c4700000, 0x00000000c4800000, 0x00000000c4800000|100%| O|  |TAMS 0x00000000c4800000, 0x00000000c4700000| Untracked 
|  30|0x00000000c4800000, 0x00000000c4900000, 0x00000000c4900000|100%| O|  |TAMS 0x00000000c4900000, 0x00000000c4800000| Untracked 
|  31|0x00000000c4900000, 0x00000000c4a00000, 0x00000000c4a00000|100%| O|  |TAMS 0x00000000c4a00000, 0x00000000c4900000| Untracked 
|  32|0x00000000c4a00000, 0x00000000c4b00000, 0x00000000c4b00000|100%| O|  |TAMS 0x00000000c4b00000, 0x00000000c4a00000| Untracked 
|  33|0x00000000c4b00000, 0x00000000c4c00000, 0x00000000c4c00000|100%| O|  |TAMS 0x00000000c4c00000, 0x00000000c4b00000| Untracked 
|  34|0x00000000c4c00000, 0x00000000c4d00000, 0x00000000c4d00000|100%| O|  |TAMS 0x00000000c4d00000, 0x00000000c4c00000| Untracked 
|  35|0x00000000c4d00000, 0x00000000c4e00000, 0x00000000c4e00000|100%| O|  |TAMS 0x00000000c4e00000, 0x00000000c4d00000| Untracked 
|  36|0x00000000c4e00000, 0x00000000c4f00000, 0x00000000c4f00000|100%| O|  |TAMS 0x00000000c4f00000, 0x00000000c4e00000| Untracked 
|  37|0x00000000c4f00000, 0x00000000c5000000, 0x00000000c5000000|100%| O|  |TAMS 0x00000000c5000000, 0x00000000c4f00000| Untracked 
|  38|0x00000000c5000000, 0x00000000c5100000, 0x00000000c5100000|100%| O|  |TAMS 0x00000000c5100000, 0x00000000c5000000| Untracked 
|  39|0x00000000c5100000, 0x00000000c5200000, 0x00000000c5200000|100%| O|  |TAMS 0x00000000c5200000, 0x00000000c5100000| Untracked 
|  40|0x00000000c5200000, 0x00000000c5300000, 0x00000000c5300000|100%| O|  |TAMS 0x00000000c5300000, 0x00000000c5200000| Untracked 
|  41|0x00000000c5300000, 0x00000000c5400000, 0x00000000c5400000|100%| O|  |TAMS 0x00000000c5400000, 0x00000000c5300000| Untracked 
|  42|0x00000000c5400000, 0x00000000c5500000, 0x00000000c5500000|100%| O|  |TAMS 0x00000000c5500000, 0x00000000c5400000| Untracked 
|  43|0x00000000c5500000, 0x00000000c5600000, 0x00000000c5600000|100%| O|  |TAMS 0x00000000c5600000, 0x00000000c5500000| Untracked 
|  44|0x00000000c5600000, 0x00000000c5700000, 0x00000000c5700000|100%| O|  |TAMS 0x00000000c5700000, 0x00000000c5600000| Untracked 
|  45|0x00000000c5700000, 0x00000000c5800000, 0x00000000c5800000|100%| O|  |TAMS 0x00000000c5800000, 0x00000000c5700000| Untracked 
|  46|0x00000000c5800000, 0x00000000c5900000, 0x00000000c5900000|100%| O|  |TAMS 0x00000000c5900000, 0x00000000c5800000| Untracked 
|  47|0x00000000c5900000, 0x00000000c5a00000, 0x00000000c5a00000|100%| O|  |TAMS 0x00000000c5940200, 0x00000000c5900000| Untracked 
|  48|0x00000000c5a00000, 0x00000000c5b00000, 0x00000000c5b00000|100%| O|  |TAMS 0x00000000c5a00000, 0x00000000c5a00000| Untracked 
|  49|0x00000000c5b00000, 0x00000000c5c00000, 0x00000000c5c00000|100%| O|  |TAMS 0x00000000c5b00000, 0x00000000c5b00000| Untracked 
|  50|0x00000000c5c00000, 0x00000000c5d00000, 0x00000000c5d00000|100%| O|  |TAMS 0x00000000c5c00000, 0x00000000c5c00000| Untracked 
|  51|0x00000000c5d00000, 0x00000000c5dece00, 0x00000000c5e00000| 92%| O|  |TAMS 0x00000000c5d00000, 0x00000000c5d00000| Untracked 
|  52|0x00000000c5e00000, 0x00000000c5e00000, 0x00000000c5f00000|  0%| F|  |TAMS 0x00000000c5e00000, 0x00000000c5e00000| Untracked 
|  53|0x00000000c5f00000, 0x00000000c5f00000, 0x00000000c6000000|  0%| F|  |TAMS 0x00000000c5f00000, 0x00000000c5f00000| Untracked 
|  54|0x00000000c6000000, 0x00000000c6000000, 0x00000000c6100000|  0%| F|  |TAMS 0x00000000c6000000, 0x00000000c6000000| Untracked 
|  55|0x00000000c6100000, 0x00000000c6100000, 0x00000000c6200000|  0%| F|  |TAMS 0x00000000c6100000, 0x00000000c6100000| Untracked 
|  56|0x00000000c6200000, 0x00000000c6200000, 0x00000000c6300000|  0%| F|  |TAMS 0x00000000c6200000, 0x00000000c6200000| Untracked 
|  57|0x00000000c6300000, 0x00000000c6300000, 0x00000000c6400000|  0%| F|  |TAMS 0x00000000c6300000, 0x00000000c6300000| Untracked 
|  58|0x00000000c6400000, 0x00000000c6400000, 0x00000000c6500000|  0%| F|  |TAMS 0x00000000c6400000, 0x00000000c6400000| Untracked 
|  59|0x00000000c6500000, 0x00000000c6500000, 0x00000000c6600000|  0%| F|  |TAMS 0x00000000c6500000, 0x00000000c6500000| Untracked 
|  60|0x00000000c6600000, 0x00000000c6600000, 0x00000000c6700000|  0%| F|  |TAMS 0x00000000c6600000, 0x00000000c6600000| Untracked 
|  61|0x00000000c6700000, 0x00000000c6700000, 0x00000000c6800000|  0%| F|  |TAMS 0x00000000c6700000, 0x00000000c6700000| Untracked 
|  62|0x00000000c6800000, 0x00000000c6800000, 0x00000000c6900000|  0%| F|  |TAMS 0x00000000c6800000, 0x00000000c6800000| Untracked 
|  63|0x00000000c6900000, 0x00000000c6900000, 0x00000000c6a00000|  0%| F|  |TAMS 0x00000000c6900000, 0x00000000c6900000| Untracked 
|  64|0x00000000c6a00000, 0x00000000c6a00000, 0x00000000c6b00000|  0%| F|  |TAMS 0x00000000c6a00000, 0x00000000c6a00000| Untracked 
|  65|0x00000000c6b00000, 0x00000000c6b00000, 0x00000000c6c00000|  0%| F|  |TAMS 0x00000000c6b00000, 0x00000000c6b00000| Untracked 
|  66|0x00000000c6c00000, 0x00000000c6c00000, 0x00000000c6d00000|  0%| F|  |TAMS 0x00000000c6c00000, 0x00000000c6c00000| Untracked 
|  67|0x00000000c6d00000, 0x00000000c6d00000, 0x00000000c6e00000|  0%| F|  |TAMS 0x00000000c6d00000, 0x00000000c6d00000| Untracked 
|  68|0x00000000c6e00000, 0x00000000c6e00000, 0x00000000c6f00000|  0%| F|  |TAMS 0x00000000c6e00000, 0x00000000c6e00000| Untracked 
|  69|0x00000000c6f00000, 0x00000000c6f00000, 0x00000000c7000000|  0%| F|  |TAMS 0x00000000c6f00000, 0x00000000c6f00000| Untracked 
|  70|0x00000000c7000000, 0x00000000c7000000, 0x00000000c7100000|  0%| F|  |TAMS 0x00000000c7000000, 0x00000000c7000000| Untracked 
|  71|0x00000000c7100000, 0x00000000c7100000, 0x00000000c7200000|  0%| F|  |TAMS 0x00000000c7100000, 0x00000000c7100000| Untracked 
|  72|0x00000000c7200000, 0x00000000c7200000, 0x00000000c7300000|  0%| F|  |TAMS 0x00000000c7200000, 0x00000000c7200000| Untracked 
|  73|0x00000000c7300000, 0x00000000c7300000, 0x00000000c7400000|  0%| F|  |TAMS 0x00000000c7300000, 0x00000000c7300000| Untracked 
|  74|0x00000000c7400000, 0x00000000c7400000, 0x00000000c7500000|  0%| F|  |TAMS 0x00000000c7400000, 0x00000000c7400000| Untracked 
|  75|0x00000000c7500000, 0x00000000c7500000, 0x00000000c7600000|  0%| F|  |TAMS 0x00000000c7500000, 0x00000000c7500000| Untracked 
|  76|0x00000000c7600000, 0x00000000c7600000, 0x00000000c7700000|  0%| F|  |TAMS 0x00000000c7600000, 0x00000000c7600000| Untracked 
|  77|0x00000000c7700000, 0x00000000c7700000, 0x00000000c7800000|  0%| F|  |TAMS 0x00000000c7700000, 0x00000000c7700000| Untracked 
|  78|0x00000000c7800000, 0x00000000c7800000, 0x00000000c7900000|  0%| F|  |TAMS 0x00000000c7800000, 0x00000000c7800000| Untracked 
|  79|0x00000000c7900000, 0x00000000c7900000, 0x00000000c7a00000|  0%| F|  |TAMS 0x00000000c7900000, 0x00000000c7900000| Untracked 
|  80|0x00000000c7a00000, 0x00000000c7a00000, 0x00000000c7b00000|  0%| F|  |TAMS 0x00000000c7a00000, 0x00000000c7a00000| Untracked 
|  81|0x00000000c7b00000, 0x00000000c7b00000, 0x00000000c7c00000|  0%| F|  |TAMS 0x00000000c7b00000, 0x00000000c7b00000| Untracked 
|  82|0x00000000c7c00000, 0x00000000c7c00000, 0x00000000c7d00000|  0%| F|  |TAMS 0x00000000c7c00000, 0x00000000c7c00000| Untracked 
|  83|0x00000000c7d00000, 0x00000000c7d00000, 0x00000000c7e00000|  0%| F|  |TAMS 0x00000000c7d00000, 0x00000000c7d00000| Untracked 
|  84|0x00000000c7e00000, 0x00000000c7e00000, 0x00000000c7f00000|  0%| F|  |TAMS 0x00000000c7e00000, 0x00000000c7e00000| Untracked 
|  85|0x00000000c7f00000, 0x00000000c7f00000, 0x00000000c8000000|  0%| F|  |TAMS 0x00000000c7f00000, 0x00000000c7f00000| Untracked 
|  86|0x00000000c8000000, 0x00000000c8000000, 0x00000000c8100000|  0%| F|  |TAMS 0x00000000c8000000, 0x00000000c8000000| Untracked 
|  87|0x00000000c8100000, 0x00000000c8100000, 0x00000000c8200000|  0%| F|  |TAMS 0x00000000c8100000, 0x00000000c8100000| Untracked 
|  88|0x00000000c8200000, 0x00000000c8200000, 0x00000000c8300000|  0%| F|  |TAMS 0x00000000c8200000, 0x00000000c8200000| Untracked 
|  89|0x00000000c8300000, 0x00000000c8300000, 0x00000000c8400000|  0%| F|  |TAMS 0x00000000c8300000, 0x00000000c8300000| Untracked 
|  90|0x00000000c8400000, 0x00000000c8400000, 0x00000000c8500000|  0%| F|  |TAMS 0x00000000c8400000, 0x00000000c8400000| Untracked 
|  91|0x00000000c8500000, 0x00000000c8500000, 0x00000000c8600000|  0%| F|  |TAMS 0x00000000c8500000, 0x00000000c8500000| Untracked 
|  92|0x00000000c8600000, 0x00000000c8600000, 0x00000000c8700000|  0%| F|  |TAMS 0x00000000c8600000, 0x00000000c8600000| Untracked 
|  93|0x00000000c8700000, 0x00000000c87c2730, 0x00000000c8800000| 75%| S|CS|TAMS 0x00000000c8700000, 0x00000000c8700000| Complete 
|  94|0x00000000c8800000, 0x00000000c8800000, 0x00000000c8900000|  0%| F|  |TAMS 0x00000000c8800000, 0x00000000c8800000| Untracked 

Card table byte_map: [0x00000251de800000,0x00000251de9f0000] _byte_map_base: 0x00000251de1eb000

Marking Bits (Prev, Next): (CMBitMap*) 0x00000251ca349c20, (CMBitMap*) 0x00000251ca349c60
 Prev Bits: [0x00000251debe0000, 0x00000251dfb38000)
 Next Bits: [0x00000251dfb40000, 0x00000251e0a98000)

Polling page: 0x00000251ca3d0000

Metaspace:

Usage:
  Non-class:     56.38 MB used.
      Class:      7.31 MB used.
       Both:     63.69 MB used.

Virtual space:
  Non-class space:       64.00 MB reserved,      56.50 MB ( 88%) committed,  1 nodes.
      Class space:        1.00 GB reserved,       7.44 MB ( <1%) committed,  1 nodes.
             Both:        1.06 GB reserved,      63.94 MB (  6%) committed. 

Chunk freelists:
   Non-Class:  6.94 MB
       Class:  8.56 MB
        Both:  15.50 MB

MaxMetaspaceSize: unlimited
CompressedClassSpaceSize: 1.00 GB
Initial GC threshold: 21.00 MB
Current GC threshold: 101.81 MB
CDS: off
MetaspaceReclaimPolicy: balanced
 - commit_granule_bytes: 65536.
 - commit_granule_words: 8192.
 - virtual_space_node_default_size: 8388608.
 - enlarge_chunks_in_place: 1.
 - new_chunks_are_fully_committed: 0.
 - uncommit_free_chunks: 1.
 - use_allocation_guard: 0.
 - handle_deallocations: 1.


Internal statistics:

num_allocs_failed_limit: 3.
num_arena_births: 264.
num_arena_deaths: 0.
num_vsnodes_births: 2.
num_vsnodes_deaths: 0.
num_space_committed: 1021.
num_space_uncommitted: 0.
num_chunks_returned_to_freelist: 3.
num_chunks_taken_from_freelist: 2231.
num_chunk_merges: 3.
num_chunk_splits: 1879.
num_chunks_enlarged: 1705.
num_inconsistent_stats: 0.

CodeHeap 'non-profiled nmethods': size=120000Kb used=3138Kb max_used=3138Kb free=116861Kb
 bounds [0x00000251d6ab0000, 0x00000251d6dd0000, 0x00000251ddfe0000]
CodeHeap 'profiled nmethods': size=120000Kb used=21042Kb max_used=21042Kb free=98957Kb
 bounds [0x00000251cefe0000, 0x00000251d0470000, 0x00000251d6510000]
CodeHeap 'non-nmethods': size=5760Kb used=1367Kb max_used=1414Kb free=4392Kb
 bounds [0x00000251d6510000, 0x00000251d6780000, 0x00000251d6ab0000]
 total_blobs=8496 nmethods=7802 adapters=603
 compilation: enabled
              stopped_count=0, restarted_count=0
 full_count=0

Compilation events (20 events):
Event: 30.332 Thread 0x00000251e3360110 8733       2       org.jetbrains.kotlin.ir.declarations.lazy.IrLazyFunction$dispatchReceiverParameter$2::<init> (11 bytes)
Event: 30.332 Thread 0x00000251e3360110 nmethod 8733 0x00000251d0462590 code [0x00000251d0462720, 0x00000251d0462878]
Event: 30.333 Thread 0x00000251e3360110 8734       2       org.jetbrains.kotlin.ir.declarations.lazy.IrLazyFunction$extensionReceiverParameter$2::<init> (11 bytes)
Event: 30.333 Thread 0x00000251e3360110 nmethod 8734 0x00000251d0462910 code [0x00000251d0462aa0, 0x00000251d0462bf8]
Event: 30.333 Thread 0x00000251e3360110 8735       2       org.jetbrains.kotlin.ir.declarations.lazy.IrLazyFunction$valueParameters$2::<init> (11 bytes)
Event: 30.333 Thread 0x00000251e3360110 nmethod 8735 0x00000251d0462c90 code [0x00000251d0462e20, 0x00000251d0462f78]
Event: 30.333 Thread 0x00000251e3360110 8736       2       org.jetbrains.kotlin.ir.declarations.lazy.IrLazyFunction$typeParameters$2::<init> (11 bytes)
Event: 30.333 Thread 0x00000251e3360110 nmethod 8736 0x00000251d0463010 code [0x00000251d04631a0, 0x00000251d04632f8]
Event: 30.333 Thread 0x00000251e3360110 8737       2       org.jetbrains.kotlin.ir.declarations.lazy.IrLazyFunction::<init> (397 bytes)
Event: 30.346 Thread 0x00000251e3360110 nmethod 8737 0x00000251d0463390 code [0x00000251d0463c80, 0x00000251d04677e8]
Event: 30.353 Thread 0x00000251e3360110 8738       1       org.jetbrains.kotlin.descriptors.impl.PropertyAccessorDescriptorImpl::isExternal (5 bytes)
Event: 30.353 Thread 0x00000251e3360110 nmethod 8738 0x00000251d6dc0890 code [0x00000251d6dc0a20, 0x00000251d6dc0af8]
Event: 30.357 Thread 0x00000251e3360110 8739       2       org.jetbrains.kotlin.ir.util.DeclarationStubGenerator::generateFunctionStub (187 bytes)
Event: 30.360 Thread 0x00000251e3360110 nmethod 8739 0x00000251d0469710 code [0x00000251d0469a80, 0x00000251d046a868]
Event: 30.371 Thread 0x00000251e3360110 8741       2       kotlin.reflect.jvm.internal.ReflectionFactoryImpl::getOwner (23 bytes)
Event: 30.371 Thread 0x00000251e3360110 nmethod 8741 0x00000251d046b010 code [0x00000251d046b1c0, 0x00000251d046b408]
Event: 30.371 Thread 0x00000251e3360110 8742       2       kotlin.jvm.internal.CallableReference::getOwner (36 bytes)
Event: 30.372 Thread 0x00000251e3360110 nmethod 8742 0x00000251d046b510 code [0x00000251d046b6c0, 0x00000251d046b8d8]
Event: 30.372 Thread 0x00000251e3360110 8743       2       kotlin.reflect.jvm.internal.KProperty1Impl::<init> (78 bytes)
Event: 30.374 Thread 0x00000251e3360110 nmethod 8743 0x00000251d046ba10 code [0x00000251d046bcc0, 0x00000251d046c688]

GC Heap History (20 events):
Event: 19.968 GC heap after
{Heap after GC invocations=20 (full 0):
 garbage-first heap   total 58368K, used 35496K [0x00000000c2a00000, 0x0000000100000000)
  region size 1024K, 2 young (2048K), 2 survivors (2048K)
 Metaspace       used 50638K, committed 50880K, reserved 1114112K
  class space    used 6021K, committed 6144K, reserved 1048576K
}
Event: 20.624 GC heap before
{Heap before GC invocations=21 (full 0):
 garbage-first heap   total 63488K, used 44712K [0x00000000c2a00000, 0x0000000100000000)
  region size 1024K, 11 young (11264K), 2 survivors (2048K)
 Metaspace       used 50862K, committed 51072K, reserved 1114112K
  class space    used 6037K, committed 6144K, reserved 1048576K
}
Event: 20.647 GC heap after
{Heap after GC invocations=22 (full 0):
 garbage-first heap   total 63488K, used 37815K [0x00000000c2a00000, 0x0000000100000000)
  region size 1024K, 2 young (2048K), 2 survivors (2048K)
 Metaspace       used 50862K, committed 51072K, reserved 1114112K
  class space    used 6037K, committed 6144K, reserved 1048576K
}
Event: 21.348 GC heap before
{Heap before GC invocations=22 (full 0):
 garbage-first heap   total 63488K, used 49079K [0x00000000c2a00000, 0x0000000100000000)
  region size 1024K, 13 young (13312K), 2 survivors (2048K)
 Metaspace       used 50919K, committed 51136K, reserved 1114112K
  class space    used 6040K, committed 6144K, reserved 1048576K
}
Event: 21.364 GC heap after
{Heap after GC invocations=23 (full 0):
 garbage-first heap   total 86016K, used 40082K [0x00000000c2a00000, 0x0000000100000000)
  region size 1024K, 2 young (2048K), 2 survivors (2048K)
 Metaspace       used 50919K, committed 51136K, reserved 1114112K
  class space    used 6040K, committed 6144K, reserved 1048576K
}
Event: 22.615 GC heap before
{Heap before GC invocations=24 (full 0):
 garbage-first heap   total 86016K, used 62610K [0x00000000c2a00000, 0x0000000100000000)
  region size 1024K, 25 young (25600K), 2 survivors (2048K)
 Metaspace       used 53421K, committed 53632K, reserved 1114112K
  class space    used 6332K, committed 6400K, reserved 1048576K
}
Event: 22.631 GC heap after
{Heap after GC invocations=25 (full 0):
 garbage-first heap   total 86016K, used 41716K [0x00000000c2a00000, 0x0000000100000000)
  region size 1024K, 4 young (4096K), 4 survivors (4096K)
 Metaspace       used 53421K, committed 53632K, reserved 1114112K
  class space    used 6332K, committed 6400K, reserved 1048576K
}
Event: 22.638 GC heap before
{Heap before GC invocations=25 (full 0):
 garbage-first heap   total 86016K, used 42740K [0x00000000c2a00000, 0x0000000100000000)
  region size 1024K, 5 young (5120K), 4 survivors (4096K)
 Metaspace       used 53427K, committed 53632K, reserved 1114112K
  class space    used 6332K, committed 6400K, reserved 1048576K
}
Event: 22.662 GC heap after
{Heap after GC invocations=26 (full 0):
 garbage-first heap   total 86016K, used 41604K [0x00000000c2a00000, 0x0000000100000000)
  region size 1024K, 1 young (1024K), 1 survivors (1024K)
 Metaspace       used 53427K, committed 53632K, reserved 1114112K
  class space    used 6332K, committed 6400K, reserved 1048576K
}
Event: 24.269 GC heap before
{Heap before GC invocations=26 (full 0):
 garbage-first heap   total 86016K, used 62084K [0x00000000c2a00000, 0x0000000100000000)
  region size 1024K, 23 young (23552K), 1 survivors (1024K)
 Metaspace       used 55736K, committed 56000K, reserved 1114112K
  class space    used 6585K, committed 6720K, reserved 1048576K
}
Event: 24.289 GC heap after
{Heap after GC invocations=27 (full 0):
 garbage-first heap   total 86016K, used 44654K [0x00000000c2a00000, 0x0000000100000000)
  region size 1024K, 3 young (3072K), 3 survivors (3072K)
 Metaspace       used 55736K, committed 56000K, reserved 1114112K
  class space    used 6585K, committed 6720K, reserved 1048576K
}
Event: 26.062 GC heap before
{Heap before GC invocations=28 (full 0):
 garbage-first heap   total 97280K, used 66158K [0x00000000c2a00000, 0x0000000100000000)
  region size 1024K, 24 young (24576K), 3 survivors (3072K)
 Metaspace       used 56908K, committed 57152K, reserved 1114112K
  class space    used 6661K, committed 6784K, reserved 1048576K
}
Event: 26.081 GC heap after
{Heap after GC invocations=29 (full 0):
 garbage-first heap   total 97280K, used 47777K [0x00000000c2a00000, 0x0000000100000000)
  region size 1024K, 3 young (3072K), 3 survivors (3072K)
 Metaspace       used 56908K, committed 57152K, reserved 1114112K
  class space    used 6661K, committed 6784K, reserved 1048576K
}
Event: 26.144 GC heap before
{Heap before GC invocations=29 (full 0):
 garbage-first heap   total 97280K, used 48801K [0x00000000c2a00000, 0x0000000100000000)
  region size 1024K, 4 young (4096K), 3 survivors (3072K)
 Metaspace       used 56929K, committed 57152K, reserved 1114112K
  class space    used 6663K, committed 6784K, reserved 1048576K
}
Event: 26.164 GC heap after
{Heap after GC invocations=30 (full 0):
 garbage-first heap   total 97280K, used 47838K [0x00000000c2a00000, 0x0000000100000000)
  region size 1024K, 1 young (1024K), 1 survivors (1024K)
 Metaspace       used 56929K, committed 57152K, reserved 1114112K
  class space    used 6663K, committed 6784K, reserved 1048576K
}
Event: 28.237 GC heap before
{Heap before GC invocations=30 (full 0):
 garbage-first heap   total 97280K, used 74462K [0x00000000c2a00000, 0x0000000100000000)
  region size 1024K, 27 young (27648K), 1 survivors (1024K)
 Metaspace       used 61534K, committed 61824K, reserved 1114112K
  class space    used 7129K, committed 7296K, reserved 1048576K
}
Event: 28.250 GC heap after
{Heap after GC invocations=31 (full 0):
 garbage-first heap   total 97280K, used 49712K [0x00000000c2a00000, 0x0000000100000000)
  region size 1024K, 3 young (3072K), 3 survivors (3072K)
 Metaspace       used 61534K, committed 61824K, reserved 1114112K
  class space    used 7129K, committed 7296K, reserved 1048576K
}
Event: 30.278 GC heap before
{Heap before GC invocations=32 (full 0):
 garbage-first heap   total 97280K, used 74288K [0x00000000c2a00000, 0x0000000100000000)
  region size 1024K, 28 young (28672K), 3 survivors (3072K)
 Metaspace       used 65136K, committed 65408K, reserved 1114112K
  class space    used 7471K, committed 7616K, reserved 1048576K
}
Event: 30.324 GC heap after
{Heap after GC invocations=33 (full 0):
 garbage-first heap   total 97280K, used 52639K [0x00000000c2a00000, 0x0000000100000000)
  region size 1024K, 3 young (3072K), 3 survivors (3072K)
 Metaspace       used 65136K, committed 65408K, reserved 1114112K
  class space    used 7471K, committed 7616K, reserved 1048576K
}
Event: 30.380 GC heap before
{Heap before GC invocations=33 (full 0):
 garbage-first heap   total 97280K, used 52639K [0x00000000c2a00000, 0x0000000100000000)
  region size 1024K, 4 young (4096K), 3 survivors (3072K)
 Metaspace       used 65220K, committed 65472K, reserved 1114112K
  class space    used 7482K, committed 7616K, reserved 1048576K
}

Dll operation events (2 events):
Event: 0.048 Loaded shared library C:\Users\Lenovo\Desktop\tareas 2do semestre creo xd\Android\Nueva carpeta\jbr\bin\java.dll
Event: 8.932 Loaded shared library C:\Users\Lenovo\Desktop\tareas 2do semestre creo xd\Android\Nueva carpeta\jbr\bin\verify.dll

Deoptimization events (20 events):
Event: 29.214 Thread 0x00000251ca30e7b0 DEOPT PACKING pc=0x00000251d6cbf0d8 sp=0x00000087fd9fdb20
Event: 29.214 Thread 0x00000251ca30e7b0 DEOPT UNPACKING pc=0x00000251d65669a3 sp=0x00000087fd9fdb10 mode 2
Event: 29.617 Thread 0x00000251ca30e7b0 Uncommon trap: trap_request=0xffffffcc fr.pc=0x00000251d6da1b8c relative=0x000000000000300c
Event: 29.617 Thread 0x00000251ca30e7b0 Uncommon trap: reason=intrinsic_or_type_checked_inlining action=make_not_entrant pc=0x00000251d6da1b8c method=java.util.ArrayList$SubList.toArray([Ljava/lang/Object;)[Ljava/lang/Object; @ 58 c2
Event: 29.617 Thread 0x00000251ca30e7b0 DEOPT PACKING pc=0x00000251d6da1b8c sp=0x00000087fd9fb3d0
Event: 29.617 Thread 0x00000251ca30e7b0 DEOPT UNPACKING pc=0x00000251d65669a3 sp=0x00000087fd9fb370 mode 2
Event: 29.683 Thread 0x00000251ca30e7b0 Uncommon trap: trap_request=0xffffffc6 fr.pc=0x00000251d6cf6520 relative=0x0000000000000880
Event: 29.683 Thread 0x00000251ca30e7b0 Uncommon trap: reason=bimorphic_or_optimized_type_check action=maybe_recompile pc=0x00000251d6cf6520 method=org.jetbrains.kotlin.storage.LockBasedStorageManager$LockBasedLazyValue.invoke()Ljava/lang/Object; @ 24 c2
Event: 29.683 Thread 0x00000251ca30e7b0 DEOPT PACKING pc=0x00000251d6cf6520 sp=0x00000087fd9fcf60
Event: 29.683 Thread 0x00000251ca30e7b0 DEOPT UNPACKING pc=0x00000251d65669a3 sp=0x00000087fd9fcf18 mode 2
Event: 29.683 Thread 0x00000251ca30e7b0 Uncommon trap: trap_request=0xffffffc6 fr.pc=0x00000251d6cf6520 relative=0x0000000000000880
Event: 29.683 Thread 0x00000251ca30e7b0 Uncommon trap: reason=bimorphic_or_optimized_type_check action=maybe_recompile pc=0x00000251d6cf6520 method=org.jetbrains.kotlin.storage.LockBasedStorageManager$LockBasedLazyValue.invoke()Ljava/lang/Object; @ 24 c2
Event: 29.683 Thread 0x00000251ca30e7b0 DEOPT PACKING pc=0x00000251d6cf6520 sp=0x00000087fd9fcd90
Event: 29.683 Thread 0x00000251ca30e7b0 DEOPT UNPACKING pc=0x00000251d65669a3 sp=0x00000087fd9fcd48 mode 2
Event: 30.219 Thread 0x00000251ca30e7b0 Uncommon trap: trap_request=0xffffff45 fr.pc=0x00000251d6c80390 relative=0x00000000000003f0
Event: 30.219 Thread 0x00000251ca30e7b0 Uncommon trap: reason=unstable_if action=reinterpret pc=0x00000251d6c80390 method=kotlin.LazyKt__LazyJVMKt.lazy(Lkotlin/LazyThreadSafetyMode;Lkotlin/jvm/functions/Function0;)Lkotlin/Lazy; @ 21 c2
Event: 30.219 Thread 0x00000251ca30e7b0 DEOPT PACKING pc=0x00000251d6c80390 sp=0x00000087fd9fe030
Event: 30.219 Thread 0x00000251ca30e7b0 DEOPT UNPACKING pc=0x00000251d65669a3 sp=0x00000087fd9fdff0 mode 2
Event: 30.352 Thread 0x00000251ca30e7b0 DEOPT PACKING pc=0x00000251d045f634 sp=0x00000087fd9fe0e0
Event: 30.352 Thread 0x00000251ca30e7b0 DEOPT UNPACKING pc=0x00000251d6567143 sp=0x00000087fd9fd640 mode 0

Classes unloaded (0 events):
No events

Classes redefined (0 events):
No events

Internal exceptions (20 events):
Event: 16.622 Thread 0x00000251ca30e7b0 Exception <a 'java/lang/NoSuchMethodError'{0x00000000c5a3b4d0}: 'int java.lang.invoke.DirectMethodHandle$Holder.invokeInterface(java.lang.Object, java.lang.Object)'> (0x00000000c5a3b4d0) 
thrown [s\src\hotspot\share\interpreter\linkResolver.cpp, line 771]
Event: 16.758 Thread 0x00000251ca30e7b0 Exception <a 'java/lang/NoSuchMethodError'{0x00000000c59b1128}: 'java.lang.Object java.lang.invoke.DirectMethodHandle$Holder.newInvokeSpecial(java.lang.Object, java.lang.Object, java.lang.Object, java.lang.Object, java.lang.Object, java.lang.Object)'> (0x00000000c59b1128) 
thrown [s\src\hotspot\share\interpreter\linkResolver.cpp, line 771]
Event: 16.837 Thread 0x00000251ca30e7b0 Exception <a 'java/lang/NoSuchMethodError'{0x00000000c57221c0}: 'java.lang.Object java.lang.invoke.DirectMethodHandle$Holder.invokeStaticInit(java.lang.Object, java.lang.Object, java.lang.Object)'> (0x00000000c57221c0) 
thrown [s\src\hotspot\share\interpreter\linkResolver.cpp, line 771]
Event: 19.480 Thread 0x00000251ca30e7b0 Implicit null exception at 0x00000251d6af976c to 0x00000251d6af9954
Event: 22.403 Thread 0x00000251ca30e7b0 Exception <a 'java/lang/NoSuchMethodError'{0x00000000c6c0e5d0}: 'int java.lang.invoke.DirectMethodHandle$Holder.invokeStaticInit(java.lang.Object, int)'> (0x00000000c6c0e5d0) 
thrown [s\src\hotspot\share\interpreter\linkResolver.cpp, line 771]
Event: 23.031 Thread 0x00000251ca30e7b0 Implicit null exception at 0x00000251d6b9a294 to 0x00000251d6b9a38c
Event: 23.032 Thread 0x00000251ca30e7b0 Implicit null exception at 0x00000251d6b162e0 to 0x00000251d6b1637a
Event: 23.103 Thread 0x00000251ca30e7b0 Exception <a 'java/lang/NoSuchMethodError'{0x00000000c7535a08}: 'java.lang.Object java.lang.invoke.DirectMethodHandle$Holder.invokeInterface(java.lang.Object, java.lang.Object, java.lang.Object)'> (0x00000000c7535a08) 
thrown [s\src\hotspot\share\interpreter\linkResolver.cpp, line 771]
Event: 23.104 Thread 0x00000251ca30e7b0 Exception <a 'java/lang/IncompatibleClassChangeError'{0x00000000c7539378}: Found class java.lang.Object, but interface was expected> (0x00000000c7539378) 
thrown [s\src\hotspot\share\interpreter\linkResolver.cpp, line 838]
Event: 23.246 Thread 0x00000251ca30e7b0 Implicit null exception at 0x00000251d6bd2acc to 0x00000251d6bd2bc0
Event: 25.074 Thread 0x00000251ca30e7b0 Exception <a 'java/lang/NoSuchMethodError'{0x00000000c856f050}: 'java.lang.Object java.lang.invoke.DirectMethodHandle$Holder.newInvokeSpecial(java.lang.Object, java.lang.Object, java.lang.Object, java.lang.Object, java.lang.Object, java.lang.Object, java.lang.Object)'> (0x00000000c856f050) 
thrown [s\src\hotspot\share\interpreter\linkResolver.cpp, line 771]
Event: 25.075 Thread 0x00000251ca30e7b0 Exception <a 'java/lang/NoSuchMethodError'{0x00000000c8573c08}: 'java.lang.Object java.lang.invoke.Invokers$Holder.linkToTargetMethod(java.lang.Object, java.lang.Object, java.lang.Object, java.lang.Object, java.lang.Object, java.lang.Object, java.lang.Object)'> (0x00000000c8573c08) 
thrown [s\src\hotspot\share\interpreter\linkResolver.cpp, line 771]
Event: 25.455 Thread 0x00000251ca30e7b0 Implicit null exception at 0x00000251d6d11127 to 0x00000251d6d1128c
Event: 26.045 Thread 0x00000251ca30e7b0 Exception <a 'java/lang/NoSuchMethodError'{0x00000000c80c93e0}: 'java.lang.Object java.lang.invoke.DirectMethodHandle$Holder.invokeStatic(java.lang.Object, int, java.lang.Object)'> (0x00000000c80c93e0) 
thrown [s\src\hotspot\share\interpreter\linkResolver.cpp, line 771]
Event: 27.219 Thread 0x00000251ca30e7b0 Implicit null exception at 0x00000251d6b4026c to 0x00000251d6b40454
Event: 27.649 Thread 0x00000251ca30e7b0 Exception <a 'java/lang/NoSuchMethodError'{0x00000000c76bdbe8}: 'java.lang.Object java.lang.invoke.DirectMethodHandle$Holder.invokeStaticInit(java.lang.Object, java.lang.Object, java.lang.Object, java.lang.Object)'> (0x00000000c76bdbe8) 
thrown [s\src\hotspot\share\interpreter\linkResolver.cpp, line 771]
Event: 28.893 Thread 0x00000251ca30e7b0 Exception <a 'java/lang/NoSuchMethodError'{0x00000000c83bd120}: 'java.lang.Object java.lang.invoke.DirectMethodHandle$Holder.newInvokeSpecial(java.lang.Object, java.lang.Object, java.lang.Object, int, int)'> (0x00000000c83bd120) 
thrown [s\src\hotspot\share\interpreter\linkResolver.cpp, line 771]
Event: 28.894 Thread 0x00000251ca30e7b0 Exception <a 'java/lang/NoSuchMethodError'{0x00000000c83c0f60}: 'java.lang.Object java.lang.invoke.DirectMethodHandle$Holder.invokeSpecial(java.lang.Object, java.lang.Object, java.lang.Object, java.lang.Object, int, int)'> (0x00000000c83c0f60) 
thrown [s\src\hotspot\share\interpreter\linkResolver.cpp, line 771]
Event: 28.997 Thread 0x00000251ca30e7b0 Exception <a 'java/lang/NoSuchMethodError'{0x00000000c8193f90}: 'java.lang.Object java.lang.invoke.Invokers$Holder.linkToTargetMethod(java.lang.Object, java.lang.Object, int, int, java.lang.Object, java.lang.Object, java.lang.Object, java.lang.Object, java.lang.Object)'> (0x00000000c8193f90) 
thrown [s\src\hotspot\share\interpreter\linkResolver.cpp, line 771]
Event: 29.621 Thread 0x00000251ca30e7b0 Exception <a 'java/lang/NoSuchMethodError'{0x00000000c776c0e8}: 'java.lang.Object java.lang.invoke.DirectMethodHandle$Holder.newInvokeSpecial(java.lang.Object, int, java.lang.Object, java.lang.Object)'> (0x00000000c776c0e8) 
thrown [s\src\hotspot\share\interpreter\linkResolver.cpp, line 771]

VM Operations (20 events):
Event: 29.554 Executing VM operation: ICBufferFull done
Event: 29.564 Executing VM operation: HandshakeAllThreads
Event: 29.564 Executing VM operation: HandshakeAllThreads done
Event: 29.602 Executing VM operation: HandshakeAllThreads
Event: 29.602 Executing VM operation: HandshakeAllThreads done
Event: 29.913 Executing VM operation: ICBufferFull
Event: 29.914 Executing VM operation: ICBufferFull done
Event: 30.172 Executing VM operation: HandshakeAllThreads
Event: 30.172 Executing VM operation: HandshakeAllThreads done
Event: 30.216 Executing VM operation: HandshakeAllThreads
Event: 30.216 Executing VM operation: HandshakeAllThreads done
Event: 30.230 Executing VM operation: HandshakeAllThreads
Event: 30.230 Executing VM operation: HandshakeAllThreads done
Event: 30.241 Executing VM operation: HandshakeAllThreads
Event: 30.241 Executing VM operation: HandshakeAllThreads done
Event: 30.278 Executing VM operation: G1CollectForAllocation
Event: 30.324 Executing VM operation: G1CollectForAllocation done
Event: 30.346 Executing VM operation: HandshakeAllThreads
Event: 30.346 Executing VM operation: HandshakeAllThreads done
Event: 30.379 Executing VM operation: G1CollectForAllocation

Events (20 events):
Event: 27.580 loading class jdk/internal/reflect/UnsafeBooleanFieldAccessorImpl
Event: 27.582 loading class jdk/internal/reflect/UnsafeBooleanFieldAccessorImpl done
Event: 27.583 loading class jdk/internal/reflect/UnsafeQualifiedObjectFieldAccessorImpl
Event: 27.583 loading class jdk/internal/reflect/UnsafeQualifiedFieldAccessorImpl
Event: 27.584 loading class jdk/internal/reflect/UnsafeQualifiedFieldAccessorImpl done
Event: 27.584 loading class jdk/internal/reflect/UnsafeQualifiedObjectFieldAccessorImpl done
Event: 27.671 loading class java/text/ChoiceFormat
Event: 27.672 loading class java/text/NumberFormat
Event: 27.673 loading class java/text/NumberFormat done
Event: 27.673 loading class java/text/ChoiceFormat done
Event: 27.728 loading class java/text/FieldPosition
Event: 27.729 loading class java/text/FieldPosition done
Event: 27.729 loading class java/util/Date
Event: 27.732 loading class java/util/Date done
Event: 27.732 loading class java/text/MessageFormat$Field
Event: 27.732 loading class java/text/Format$Field
Event: 27.732 loading class java/text/AttributedCharacterIterator$Attribute
Event: 27.733 loading class java/text/AttributedCharacterIterator$Attribute done
Event: 27.733 loading class java/text/Format$Field done
Event: 27.733 loading class java/text/MessageFormat$Field done


Dynamic libraries:
0x00007ff60dc00000 - 0x00007ff60dc0a000 	C:\Users\Lenovo\Desktop\tareas 2do semestre creo xd\Android\Nueva carpeta\jbr\bin\java.exe
0x00007ff830930000 - 0x00007ff830b28000 	C:\WINDOWS\SYSTEM32\ntdll.dll
0x00007ff82f490000 - 0x00007ff82f54d000 	C:\WINDOWS\System32\KERNEL32.DLL
0x00007ff82e360000 - 0x00007ff82e656000 	C:\WINDOWS\System32\KERNELBASE.dll
0x00007ff82dff0000 - 0x00007ff82e0f0000 	C:\WINDOWS\System32\ucrtbase.dll
0x00007ff81aec0000 - 0x00007ff81aedb000 	C:\Users\Lenovo\Desktop\tareas 2do semestre creo xd\Android\Nueva carpeta\jbr\bin\VCRUNTIME140.dll
0x00007ff8299f0000 - 0x00007ff829a07000 	C:\Users\Lenovo\Desktop\tareas 2do semestre creo xd\Android\Nueva carpeta\jbr\bin\jli.dll
0x00007ff82f550000 - 0x00007ff82f6ef000 	C:\WINDOWS\System32\USER32.dll
0x00007ff82e7f0000 - 0x00007ff82e812000 	C:\WINDOWS\System32\win32u.dll
0x00007ff8300e0000 - 0x00007ff83010b000 	C:\WINDOWS\System32\GDI32.dll
0x00007ff820780000 - 0x00007ff820a1a000 	C:\WINDOWS\WinSxS\amd64_microsoft.windows.common-controls_6595b64144ccf1df_6.0.19041.4355_none_60b8b9eb71f62e16\COMCTL32.dll
0x00007ff82e190000 - 0x00007ff82e2a7000 	C:\WINDOWS\System32\gdi32full.dll
0x00007ff82e0f0000 - 0x00007ff82e18d000 	C:\WINDOWS\System32\msvcp_win.dll
0x00007ff82f9e0000 - 0x00007ff82fa7e000 	C:\WINDOWS\System32\msvcrt.dll
0x00007ff8302a0000 - 0x00007ff8302cf000 	C:\WINDOWS\System32\IMM32.DLL
0x00007ff82a510000 - 0x00007ff82a51c000 	C:\Users\Lenovo\Desktop\tareas 2do semestre creo xd\Android\Nueva carpeta\jbr\bin\vcruntime140_1.dll
0x00007ff81ae30000 - 0x00007ff81aebd000 	C:\Users\Lenovo\Desktop\tareas 2do semestre creo xd\Android\Nueva carpeta\jbr\bin\msvcp140.dll
0x00007fffd5f70000 - 0x00007fffd6bf3000 	C:\Users\Lenovo\Desktop\tareas 2do semestre creo xd\Android\Nueva carpeta\jbr\bin\server\jvm.dll
0x00007ff830110000 - 0x00007ff8301c0000 	C:\WINDOWS\System32\ADVAPI32.dll
0x00007ff82ec60000 - 0x00007ff82ed00000 	C:\WINDOWS\System32\sechost.dll
0x00007ff82ea00000 - 0x00007ff82eb23000 	C:\WINDOWS\System32\RPCRT4.dll
0x00007ff82e7c0000 - 0x00007ff82e7e7000 	C:\WINDOWS\System32\bcrypt.dll
0x00007ff82de40000 - 0x00007ff82de8b000 	C:\WINDOWS\SYSTEM32\POWRPROF.dll
0x00007ff829a50000 - 0x00007ff829a59000 	C:\WINDOWS\SYSTEM32\WSOCK32.dll
0x00007ff828de0000 - 0x00007ff828e07000 	C:\WINDOWS\SYSTEM32\WINMM.dll
0x00007ff829ad0000 - 0x00007ff829ada000 	C:\WINDOWS\SYSTEM32\VERSION.dll
0x00007ff82f8a0000 - 0x00007ff82f90b000 	C:\WINDOWS\System32\WS2_32.dll
0x00007ff82de20000 - 0x00007ff82de32000 	C:\WINDOWS\SYSTEM32\UMPDC.dll
0x00007ff82c800000 - 0x00007ff82c812000 	C:\WINDOWS\SYSTEM32\kernel.appcore.dll
0x00007ff829800000 - 0x00007ff82980a000 	C:\Users\Lenovo\Desktop\tareas 2do semestre creo xd\Android\Nueva carpeta\jbr\bin\jimage.dll
0x00007ff828f30000 - 0x00007ff829114000 	C:\WINDOWS\SYSTEM32\DBGHELP.DLL
0x00007ff826090000 - 0x00007ff8260c4000 	C:\WINDOWS\SYSTEM32\dbgcore.DLL
0x00007ff82e820000 - 0x00007ff82e8a2000 	C:\WINDOWS\System32\bcryptPrimitives.dll
0x00007ff826a30000 - 0x00007ff826a55000 	C:\Users\Lenovo\Desktop\tareas 2do semestre creo xd\Android\Nueva carpeta\jbr\bin\java.dll
0x00007ff8289c0000 - 0x00007ff8289d8000 	C:\Users\Lenovo\Desktop\tareas 2do semestre creo xd\Android\Nueva carpeta\jbr\bin\zip.dll
0x00007ff82ed20000 - 0x00007ff82f48c000 	C:\WINDOWS\System32\SHELL32.dll
0x00007ff82c050000 - 0x00007ff82c7ed000 	C:\WINDOWS\SYSTEM32\windows.storage.dll
0x00007ff830470000 - 0x00007ff8307c3000 	C:\WINDOWS\System32\combase.dll
0x00007ff82d940000 - 0x00007ff82d96e000 	C:\WINDOWS\SYSTEM32\Wldp.dll
0x00007ff82fba0000 - 0x00007ff82fc6d000 	C:\WINDOWS\System32\OLEAUT32.dll
0x00007ff82fa80000 - 0x00007ff82fb2d000 	C:\WINDOWS\System32\SHCORE.dll
0x00007ff82f970000 - 0x00007ff82f9c5000 	C:\WINDOWS\System32\shlwapi.dll
0x00007ff82df20000 - 0x00007ff82df44000 	C:\WINDOWS\SYSTEM32\profapi.dll
0x00007ff8288d0000 - 0x00007ff8288e9000 	C:\Users\Lenovo\Desktop\tareas 2do semestre creo xd\Android\Nueva carpeta\jbr\bin\net.dll
0x00007ff82b0d0000 - 0x00007ff82b1da000 	C:\WINDOWS\SYSTEM32\WINHTTP.dll
0x00007ff82d6a0000 - 0x00007ff82d70a000 	C:\WINDOWS\system32\mswsock.dll
0x00007ff823ea0000 - 0x00007ff823eb6000 	C:\Users\Lenovo\Desktop\tareas 2do semestre creo xd\Android\Nueva carpeta\jbr\bin\nio.dll
0x00007ff828850000 - 0x00007ff828860000 	C:\Users\Lenovo\Desktop\tareas 2do semestre creo xd\Android\Nueva carpeta\jbr\bin\verify.dll

dbghelp: loaded successfully - version: 4.0.5 - missing functions: none
symbol engine: initialized successfully - sym options: 0x614 - pdb path: .;C:\Users\Lenovo\Desktop\tareas 2do semestre creo xd\Android\Nueva carpeta\jbr\bin;C:\WINDOWS\SYSTEM32;C:\WINDOWS\WinSxS\amd64_microsoft.windows.common-controls_6595b64144ccf1df_6.0.19041.4355_none_60b8b9eb71f62e16;C:\Users\Lenovo\Desktop\tareas 2do semestre creo xd\Android\Nueva carpeta\jbr\bin\server

VM Arguments:
java_command: org.jetbrains.kotlin.cli.jvm.K2JVMCompiler @C:\Users\Lenovo\Documents\GitHub\Final_Exam_Android\Juegofinal2\app\build\20240705_4410697664139696269.compiler.options
java_class_path (initial): C:\Users\Lenovo\.gradle\caches\modules-2\files-2.1\org.jetbrains.kotlin\kotlin-compiler-embeddable\1.9.0\2c8c3a7402becca891f12739b3e9fd2dc2adbd7a\kotlin-compiler-embeddable-1.9.0.jar;C:\Users\Lenovo\.gradle\caches\modules-2\files-2.1\org.jetbrains.kotlin\kotlin-stdlib\1.9.0\8ee15ef0c67dc83d874f412d84378d7f0eb50b63\kotlin-stdlib-1.9.0.jar;C:\Users\Lenovo\.gradle\caches\modules-2\files-2.1\org.jetbrains.kotlin\kotlin-script-runtime\1.9.0\4b3102cbbb7e1b58d9d1adf89563f00069ffa7d1\kotlin-script-runtime-1.9.0.jar;C:\Users\Lenovo\.gradle\caches\modules-2\files-2.1\org.jetbrains.kotlin\kotlin-reflect\1.6.10\1cbe9c92c12a94eea200d23c2bbaedaf3daf5132\kotlin-reflect-1.6.10.jar;C:\Users\Lenovo\.gradle\caches\modules-2\files-2.1\org.jetbrains.kotlin\kotlin-daemon-embeddable\1.9.0\186543f5e28cf8d9a0290fecc2cf34301c40a65c\kotlin-daemon-embeddable-1.9.0.jar;C:\Users\Lenovo\.gradle\caches\modules-2\files-2.1\org.jetbrains.intellij.deps\trove4j\1.0.20200330\3afb14d5f9ceb459d724e907a21145e8ff394f02\trove4j-1.0.20200330.jar;C:\Users\Lenovo\.gradle\caches\modules-2\files-2.1\org.jetbrains.kotlin\kotlin-stdlib-common\1.9.0\cd65c21cfd1eec4d44ef09f9f52b6d9f8a720636\kotlin-stdlib-common-1.9.0.jar;C:\Users\Lenovo\.gradle\caches\modules-2\files-2.1\org.jetbrains\annotations\13.0\919f0dfe192fb4e063e7dacadee7f8bb9a2672a9\annotations-13.0.jar
Launcher Type: SUN_STANDARD

[Global flags]
     intx CICompilerCount                          = 3                                         {product} {ergonomic}
     uint ConcGCThreads                            = 1                                         {product} {ergonomic}
     uint G1ConcRefinementThreads                  = 4                                         {product} {ergonomic}
   size_t G1HeapRegionSize                         = 1048576                                   {product} {ergonomic}
    uintx GCDrainStackTargetSize                   = 64                                        {product} {ergonomic}
   size_t InitialHeapSize                          = 65011712                                  {product} {ergonomic}
   size_t MarkStackSize                            = 4194304                                   {product} {ergonomic}
   size_t MaxHeapSize                              = 1029701632                                {product} {ergonomic}
   size_t MaxNewSize                               = 617611264                                 {product} {ergonomic}
   size_t MinHeapDeltaBytes                        = 1048576                                   {product} {ergonomic}
   size_t MinHeapSize                              = 8388608                                   {product} {ergonomic}
    uintx NonNMethodCodeHeapSize                   = 5832780                                {pd product} {ergonomic}
    uintx NonProfiledCodeHeapSize                  = 122912730                              {pd product} {ergonomic}
    uintx ProfiledCodeHeapSize                     = 122912730                              {pd product} {ergonomic}
    uintx ReservedCodeCacheSize                    = 251658240                              {pd product} {ergonomic}
     bool SegmentedCodeCache                       = true                                      {product} {ergonomic}
   size_t SoftMaxHeapSize                          = 1029701632                             {manageable} {ergonomic}
     bool UseCompressedClassPointers               = true                           {product lp64_product} {ergonomic}
     bool UseCompressedOops                        = true                           {product lp64_product} {ergonomic}
     bool UseG1GC                                  = true                                      {product} {ergonomic}
     bool UseLargePagesIndividualAllocation        = false                                  {pd product} {ergonomic}

Logging:
Log output configuration:
 #0: stdout all=warning uptime,level,tags
 #1: stderr all=off uptime,level,tags

Environment Variables:
PATH=C:\WINDOWS\system32;C:\WINDOWS;C:\WINDOWS\System32\Wbem;C:\WINDOWS\System32\WindowsPowerShell\v1.0\;C:\WINDOWS\System32\OpenSSH\;C:\Program Files\Git\cmd;C:\msys64\ucrt64\bin;C:\Users\Lenovo\AppData\Local\Microsoft\WindowsApps;C:\Users\Lenovo\AppData\Local\GitHubDesktop\bin;C:\Users\Lenovo\AppData\Local\Programs\Microsoft VS Code\bin
USERNAME=Lenovo
OS=Windows_NT
PROCESSOR_IDENTIFIER=Intel64 Family 6 Model 78 Stepping 3, GenuineIntel
TMP=C:\Users\Lenovo\AppData\Local\Temp
TEMP=C:\Users\Lenovo\AppData\Local\Temp



Periodic native trim disabled

JNI global refs:
JNI global refs: 8, weak refs: 8

JNI global refs memory usage: 843, weak refs: 841

OOME stack traces (most recent first):
Classloader memory used:
Loader jdk.internal.loader.ClassLoaders$AppClassLoader                                 : 6800K
Loader bootstrap                                                                       : 1341K
Loader jdk.internal.reflect.DelegatingClassLoader                                      : 10729B


---------------  S Y S T E M  ---------------

OS:
 Windows 10 , 64 bit Build 19041 (10.0.19041.3636)
OS uptime: 21 days 20:52 hours

CPU: total 4 (initial active 4) (2 cores per cpu, 2 threads per core) family 6 model 78 stepping 3 microcode 0xcc, cx8, cmov, fxsr, ht, mmx, 3dnowpref, sse, sse2, sse3, ssse3, sse4.1, sse4.2, popcnt, lzcnt, tsc, tscinvbit, avx, avx2, aes, erms, clmul, bmi1, bmi2, adx, fma, vzeroupper, clflush, clflushopt
Processor Information for all 4 processors :
  Max Mhz: 2000, Current Mhz: 2000, Mhz Limit: 2000

Memory: 4k page, system-wide physical 3927M (32M free)
TotalPageFile size 16206M (AvailPageFile size 72M)
current process WorkingSet (physical memory assigned to process): 195M, peak: 207M
current process commit charge ("private bytes"): 289M, peak: 471M

vm_info: OpenJDK 64-Bit Server VM (17.0.9+0--11185874) for windows-amd64 JRE (17.0.9+0--11185874), built on Dec  6 2023 18:57:44 by "androidbuild" with MS VC++ 16.10 / 16.11 (VS2019)

END.
